[03-Jun-2026 21:34:22 Asia/Jakarta] PHP Warning:  mysqli::__construct(): (HY000/1045): Access denied for user 'root'@'localhost' (using password: YES) in C:\xampp\htdocs\simonju\includes\db.php on line 7
[03-Jun-2026 21:34:22 Asia/Jakarta] DB connect failed: Access denied for user 'root'@'localhost' (using password: YES)
[03-Jun-2026 21:34:54 Asia/Jakarta] Prepare failed: Unknown column 'ja.is_active' in 'where clause' | SQL: SELECT ja.*, j.konfirmasi_token, j.nama_jurnal
         FROM jurnal_accounts ja
         JOIN jurnals j ON j.id = ja.jurnal_id
         WHERE ja.username = ? AND ja.is_active = 1
         LIMIT 1
[03-Jun-2026 21:34:58 Asia/Jakarta] Prepare failed: Unknown column 'ja.is_active' in 'where clause' | SQL: SELECT ja.*, j.konfirmasi_token, j.nama_jurnal
         FROM jurnal_accounts ja
         JOIN jurnals j ON j.id = ja.jurnal_id
         WHERE ja.username = ? AND ja.is_active = 1
         LIMIT 1
[03-Jun-2026 21:35:15 Asia/Jakarta] Prepare failed: Unknown column 'ja.is_active' in 'where clause' | SQL: SELECT ja.*, j.konfirmasi_token, j.nama_jurnal
         FROM jurnal_accounts ja
         JOIN jurnals j ON j.id = ja.jurnal_id
         WHERE ja.username = ? AND ja.is_active = 1
         LIMIT 1
[03-Jun-2026 21:39:27 Asia/Jakarta] Prepare failed: Unknown column 'ja.is_active' in 'field list' | SQL: SELECT ja.id, ja.username, ja.is_active, ja.last_login_at, ja.created_at,
            j.nama_jurnal, j.konfirmasi_token, j.unit_kerja
     FROM jurnal_accounts ja
     JOIN jurnals j ON j.id = ja.jurnal_id
     ORDER BY ja.username ASC
[03-Jun-2026 21:40:14 Asia/Jakarta] Prepare failed: Unknown column 'ja.is_active' in 'field list' | SQL: SELECT ja.id, ja.username, ja.is_active, ja.last_login_at, ja.created_at,
            j.nama_jurnal, j.konfirmasi_token, j.unit_kerja
     FROM jurnal_accounts ja
     JOIN jurnals j ON j.id = ja.jurnal_id
     ORDER BY ja.username ASC
[03-Jun-2026 21:40:14 Asia/Jakarta] Prepare failed: Unknown column 'ja.is_active' in 'field list' | SQL: SELECT ja.id, ja.username, ja.is_active, ja.last_login_at, ja.created_at,
            j.nama_jurnal, j.konfirmasi_token, j.unit_kerja
     FROM jurnal_accounts ja
     JOIN jurnals j ON j.id = ja.jurnal_id
     ORDER BY ja.username ASC
[03-Jun-2026 21:40:15 Asia/Jakarta] Prepare failed: Unknown column 'ja.is_active' in 'field list' | SQL: SELECT ja.id, ja.username, ja.is_active, ja.last_login_at, ja.created_at,
            j.nama_jurnal, j.konfirmasi_token, j.unit_kerja
     FROM jurnal_accounts ja
     JOIN jurnals j ON j.id = ja.jurnal_id
     ORDER BY ja.username ASC
[03-Jun-2026 21:40:15 Asia/Jakarta] Prepare failed: Unknown column 'ja.is_active' in 'field list' | SQL: SELECT ja.id, ja.username, ja.is_active, ja.last_login_at, ja.created_at,
            j.nama_jurnal, j.konfirmasi_token, j.unit_kerja
     FROM jurnal_accounts ja
     JOIN jurnals j ON j.id = ja.jurnal_id
     ORDER BY ja.username ASC
[03-Jun-2026 21:44:03 Asia/Jakarta] Prepare failed: Unknown column 'ja.is_active' in 'field list' | SQL: SELECT ja.id, ja.username, ja.is_active, ja.last_login_at, ja.created_at,
            j.nama_jurnal, j.konfirmasi_token, j.unit_kerja
     FROM jurnal_accounts ja
     JOIN jurnals j ON j.id = ja.jurnal_id
     ORDER BY ja.username ASC
[05-Jun-2026 08:25:34 Asia/Jakarta] PHP Warning:  require_once(C:\xampp\htdocs\simonju\admin/../includes/footer_admin.php): failed to open stream: No such file or directory in C:\xampp\htdocs\simonju\admin\account.php on line 285
[05-Jun-2026 08:25:34 Asia/Jakarta] PHP Fatal error:  require_once(): Failed opening required 'C:\xampp\htdocs\simonju\admin/../includes/footer_admin.php' (include_path='C:\xampp\php\PEAR') in C:\xampp\htdocs\simonju\admin\account.php on line 285
[05-Jun-2026 08:25:36 Asia/Jakarta] PHP Warning:  require_once(C:\xampp\htdocs\simonju\admin/../includes/footer_admin.php): failed to open stream: No such file or directory in C:\xampp\htdocs\simonju\admin\account.php on line 285
[05-Jun-2026 08:25:36 Asia/Jakarta] PHP Fatal error:  require_once(): Failed opening required 'C:\xampp\htdocs\simonju\admin/../includes/footer_admin.php' (include_path='C:\xampp\php\PEAR') in C:\xampp\htdocs\simonju\admin\account.php on line 285
[05-Jun-2026 08:25:37 Asia/Jakarta] PHP Warning:  require_once(C:\xampp\htdocs\simonju\admin/../includes/footer_admin.php): failed to open stream: No such file or directory in C:\xampp\htdocs\simonju\admin\account.php on line 285
[05-Jun-2026 08:25:37 Asia/Jakarta] PHP Fatal error:  require_once(): Failed opening required 'C:\xampp\htdocs\simonju\admin/../includes/footer_admin.php' (include_path='C:\xampp\php\PEAR') in C:\xampp\htdocs\simonju\admin\account.php on line 285
[05-Jun-2026 08:25:40 Asia/Jakarta] PHP Warning:  require_once(C:\xampp\htdocs\simonju\admin/../includes/footer_admin.php): failed to open stream: No such file or directory in C:\xampp\htdocs\simonju\admin\account.php on line 285
[05-Jun-2026 08:25:40 Asia/Jakarta] PHP Fatal error:  require_once(): Failed opening required 'C:\xampp\htdocs\simonju\admin/../includes/footer_admin.php' (include_path='C:\xampp\php\PEAR') in C:\xampp\htdocs\simonju\admin\account.php on line 285
[05-Jun-2026 08:34:24 Asia/Jakarta] PHP Warning:  require_once(C:\xampp\htdocs\simonju\admin/../includes/footer_admin.php): failed to open stream: No such file or directory in C:\xampp\htdocs\simonju\admin\account.php on line 285
[05-Jun-2026 08:34:24 Asia/Jakarta] PHP Fatal error:  require_once(): Failed opening required 'C:\xampp\htdocs\simonju\admin/../includes/footer_admin.php' (include_path='C:\xampp\php\PEAR') in C:\xampp\htdocs\simonju\admin\account.php on line 285
[05-Jun-2026 08:34:25 Asia/Jakarta] PHP Warning:  require_once(C:\xampp\htdocs\simonju\admin/../includes/footer_admin.php): failed to open stream: No such file or directory in C:\xampp\htdocs\simonju\admin\account.php on line 285
[05-Jun-2026 08:34:25 Asia/Jakarta] PHP Fatal error:  require_once(): Failed opening required 'C:\xampp\htdocs\simonju\admin/../includes/footer_admin.php' (include_path='C:\xampp\php\PEAR') in C:\xampp\htdocs\simonju\admin\account.php on line 285
[05-Jun-2026 08:34:27 Asia/Jakarta] PHP Warning:  require_once(C:\xampp\htdocs\simonju\admin/../includes/footer_admin.php): failed to open stream: No such file or directory in C:\xampp\htdocs\simonju\admin\account.php on line 285
[05-Jun-2026 08:34:27 Asia/Jakarta] PHP Fatal error:  require_once(): Failed opening required 'C:\xampp\htdocs\simonju\admin/../includes/footer_admin.php' (include_path='C:\xampp\php\PEAR') in C:\xampp\htdocs\simonju\admin\account.php on line 285
[05-Jun-2026 08:34:33 Asia/Jakarta] Prepare failed: Unknown column 'no_vol' in 'order clause' | SQL: SELECT * FROM terbitan WHERE jurnal_id=? ORDER BY tahun DESC, no_vol DESC
[05-Jun-2026 08:34:33 Asia/Jakarta] PHP Notice:  Undefined index: articles_found in C:\xampp\htdocs\simonju\jurnal\index.php on line 185
[05-Jun-2026 08:34:33 Asia/Jakarta] PHP Notice:  Undefined index: articles_found in C:\xampp\htdocs\simonju\jurnal\index.php on line 185
[05-Jun-2026 08:34:33 Asia/Jakarta] PHP Notice:  Undefined index: articles_found in C:\xampp\htdocs\simonju\jurnal\index.php on line 185
[05-Jun-2026 08:34:33 Asia/Jakarta] PHP Notice:  Undefined index: articles_found in C:\xampp\htdocs\simonju\jurnal\index.php on line 185
[05-Jun-2026 08:34:33 Asia/Jakarta] PHP Notice:  Undefined index: articles_found in C:\xampp\htdocs\simonju\jurnal\index.php on line 185
[05-Jun-2026 08:34:52 Asia/Jakarta] Prepare failed: Unknown column 'no_vol' in 'order clause' | SQL: SELECT * FROM terbitan WHERE jurnal_id=? ORDER BY tahun DESC, no_vol DESC
[05-Jun-2026 08:34:52 Asia/Jakarta] PHP Notice:  Undefined index: articles_found in C:\xampp\htdocs\simonju\jurnal\index.php on line 185
[05-Jun-2026 08:34:52 Asia/Jakarta] PHP Notice:  Undefined index: articles_found in C:\xampp\htdocs\simonju\jurnal\index.php on line 185
[05-Jun-2026 08:34:52 Asia/Jakarta] PHP Notice:  Undefined index: articles_found in C:\xampp\htdocs\simonju\jurnal\index.php on line 185
[05-Jun-2026 08:34:52 Asia/Jakarta] PHP Notice:  Undefined index: articles_found in C:\xampp\htdocs\simonju\jurnal\index.php on line 185
[05-Jun-2026 08:34:52 Asia/Jakarta] PHP Notice:  Undefined index: articles_found in C:\xampp\htdocs\simonju\jurnal\index.php on line 185
[05-Jun-2026 08:35:48 Asia/Jakarta] PHP Warning:  require_once(C:\xampp\htdocs\simonju\admin/../includes/footer_admin.php): failed to open stream: No such file or directory in C:\xampp\htdocs\simonju\admin\account.php on line 285
[05-Jun-2026 08:35:48 Asia/Jakarta] PHP Fatal error:  require_once(): Failed opening required 'C:\xampp\htdocs\simonju\admin/../includes/footer_admin.php' (include_path='C:\xampp\php\PEAR') in C:\xampp\htdocs\simonju\admin\account.php on line 285
[05-Jun-2026 09:19:50 Asia/Jakarta] PHP Warning:  require_once(C:\xampp\htdocs\simonju\admin/../includes/footer_admin.php): failed to open stream: No such file or directory in C:\xampp\htdocs\simonju\admin\account.php on line 285
[05-Jun-2026 09:19:50 Asia/Jakarta] PHP Fatal error:  require_once(): Failed opening required 'C:\xampp\htdocs\simonju\admin/../includes/footer_admin.php' (include_path='C:\xampp\php\PEAR') in C:\xampp\htdocs\simonju\admin\account.php on line 285
